
=== Sat Nov 15 15:02:00 2025

Packages were changed.
Update Mode: updateDependencies

The following packages were added:
  com.unity.ai.navigation@2.0.6
  com.unity.modules.accessibility@1.0.0
  com.unity.multiplayer.center@1.0.0
The following packages were updated:
  com.unity.collab-proxy from version 2.0.1 to 2.7.1
  com.unity.feature.2d from version 1.0.0 to 2.0.1
  com.unity.feature.development from version 1.0.1 to 1.0.2
  com.unity.ide.rider from version 3.0.18 to 3.0.35
  com.unity.ide.visualstudio from version 2.0.17 to 2.0.23
  com.unity.inputsystem from version 1.5.0 to 1.14.0
  com.unity.localization from version 1.3.2 to 1.5.2
  com.unity.test-framework from version 1.1.31 to 1.5.1
  com.unity.timeline from version 1.6.4 to 1.8.7
  com.unity.ugui from version 1.0.0 to 2.0.0
  com.unity.visualscripting from version 1.8.0 to 1.9.6
The following packages were removed:
  com.unity.textmeshpro@3.0.6
